mode: set
github.com/Lestt/awesome-api/main.go:13.13,15.44 2 0
github.com/Lestt/awesome-api/main.go:15.44,17.4 1 0
github.com/Lestt/awesome-api/main.go:18.3,21.58 2 0
github.com/Lestt/awesome-api/main.go:24.32,35.2 4 0
github.com/Lestt/awesome-api/main.go:37.65,45.2 2 0
github.com/Lestt/awesome-api/main.go:47.59,56.26 5 1
github.com/Lestt/awesome-api/main.go:57.13,59.22 1 0
github.com/Lestt/awesome-api/main.go:60.14,62.28 1 1
github.com/Lestt/awesome-api/main.go:66.3,66.17 1 1
github.com/Lestt/awesome-api/main.go:66.17,69.4 2 0
github.com/Lestt/awesome-api/main.go:72.3,75.57 2 1
